2025-05-09 19:09:57,465 - ERROR - 자막 데이터베이스 초기화 중 오류 발생: no such column: start_ms
2025-05-09 19:09:57,465 - ERROR - Traceback (most recent call last):
  File "/Volumes/p31/coding/indexer_quick/app/database/subtitles/init.py", line 43, in init_subtitle_db
    cursor.execute('CREATE INDEX IF NOT EXISTS idx_subtitles_start_ms ON subtitles(start_ms)')
sqlite3.OperationalError: no such column: start_ms

2025-05-09 19:09:57,555 - ERROR - 자막 데이터베이스 초기화 중 오류 발생: no such column: start_ms
2025-05-09 19:09:57,555 - ERROR - Traceback (most recent call last):
  File "/Volumes/p31/coding/indexer_quick/app/database/subtitles/init.py", line 43, in init_subtitle_db
    cursor.execute('CREATE INDEX IF NOT EXISTS idx_subtitles_start_ms ON subtitles(start_ms)')
sqlite3.OperationalError: no such column: start_ms

2025-05-09 19:10:14,651 - ERROR - 자막 데이터베이스 초기화 중 오류 발생: no such column: start_ms
2025-05-09 19:10:14,652 - ERROR - Traceback (most recent call last):
  File "/Volumes/p31/coding/indexer_quick/app/database/subtitles/init.py", line 43, in init_subtitle_db
    cursor.execute('CREATE INDEX IF NOT EXISTS idx_subtitles_start_ms ON subtitles(start_ms)')
sqlite3.OperationalError: no such column: start_ms

2025-05-09 19:11:28,751 - INFO - FTS 테이블 생성 완료
2025-05-09 19:11:29,595 - INFO - FTS 테이블 생성 완료
2025-05-09 19:11:29,701 - INFO - FTS 테이블 생성 완료
2025-05-09 19:11:38,380 - INFO - FTS 테이블 생성 완료
2025-05-09 19:11:38,487 - INFO - FTS 테이블 생성 완료
2025-05-09 19:13:17,508 - INFO - FTS 테이블 생성 완료
2025-05-09 19:13:17,600 - INFO - FTS 테이블 생성 완료
2025-05-09 19:14:14,863 - INFO - FTS 테이블 생성 완료
2025-05-09 19:14:14,982 - INFO - FTS 테이블 생성 완료
2025-05-09 19:15:03,252 - INFO - FTS 테이블 생성 완료
2025-05-09 19:15:03,366 - INFO - FTS 테이블 생성 완료
2025-05-09 19:15:25,823 - INFO - FTS 테이블 생성 완료
2025-05-09 19:15:26,004 - INFO - FTS 테이블 생성 완료
2025-05-09 19:15:43,977 - INFO - FTS 테이블 생성 완료
2025-05-09 19:15:44,392 - INFO - FTS 테이블 생성 완료
2025-05-09 19:15:56,544 - INFO - FTS 테이블 생성 완료
2025-05-09 19:15:56,674 - INFO - FTS 테이블 생성 완료
2025-05-09 19:16:09,456 - INFO - FTS 테이블 생성 완료
2025-05-09 19:16:09,694 - INFO - FTS 테이블 생성 완료
2025-05-09 19:16:28,794 - INFO - FTS 테이블 생성 완료
2025-05-09 19:16:30,129 - INFO - FTS 테이블 생성 완료
2025-05-09 19:16:30,257 - INFO - FTS 테이블 생성 완료
2025-05-09 19:17:29,757 - INFO - FTS 테이블 생성 완료
2025-05-09 19:17:29,917 - INFO - FTS 테이블 생성 완료
2025-05-09 19:17:51,554 - INFO - FTS 테이블 생성 완료
2025-05-09 19:17:52,098 - INFO - FTS 테이블 생성 완료
2025-05-09 19:17:52,192 - INFO - FTS 테이블 생성 완료
2025-05-09 19:18:08,539 - INFO - FTS 테이블 생성 완료
2025-05-09 19:18:08,664 - INFO - FTS 테이블 생성 완료
2025-05-09 19:18:20,990 - INFO - FTS 테이블 생성 완료
2025-05-09 19:18:21,085 - INFO - FTS 테이블 생성 완료
2025-05-09 19:18:51,216 - INFO - FTS 테이블 생성 완료
2025-05-09 19:18:51,663 - INFO - FTS 테이블 생성 완료
2025-05-09 19:18:51,734 - INFO - FTS 테이블 생성 완료
2025-05-09 19:19:10,594 - INFO - FTS 테이블 생성 완료
2025-05-09 19:19:10,785 - INFO - FTS 테이블 생성 완료
2025-05-09 19:19:47,153 - INFO - FTS 테이블 생성 완료
2025-05-09 19:19:47,752 - INFO - FTS 테이블 생성 완료
2025-05-09 19:19:47,856 - INFO - FTS 테이블 생성 완료
2025-05-09 19:21:50,543 - INFO - FTS 테이블 생성 완료
2025-05-09 19:21:50,707 - INFO - FTS 테이블 생성 완료
2025-05-09 19:22:13,694 - INFO - FTS 테이블 생성 완료
2025-05-09 19:22:14,354 - INFO - FTS 테이블 생성 완료
2025-05-09 19:22:14,452 - INFO - FTS 테이블 생성 완료
2025-05-09 19:25:26,144 - INFO - FTS 테이블 생성 완료
2025-05-09 19:32:56,312 - INFO - FTS 테이블 생성 완료
2025-05-09 19:32:57,796 - INFO - FTS 테이블 생성 완료
2025-05-09 19:32:58,128 - INFO - FTS 테이블 생성 완료
2025-05-09 19:38:11,953 - INFO - FTS 테이블 생성 완료
2025-05-09 19:38:12,387 - INFO - FTS 테이블 생성 완료
2025-05-09 19:38:12,468 - INFO - FTS 테이블 생성 완료
2025-05-09 19:38:21,674 - INFO - FTS 테이블 생성 완료
2025-05-09 19:38:21,909 - INFO - FTS 테이블 생성 완료
2025-05-09 19:39:22,722 - INFO - FTS 테이블 생성 완료
2025-05-09 19:39:23,058 - INFO - FTS 테이블 생성 완료
2025-05-09 19:39:46,825 - INFO - FTS 테이블 생성 완료
2025-05-09 19:39:47,474 - INFO - FTS 테이블 생성 완료
2025-05-09 19:40:51,798 - INFO - FTS 테이블 생성 완료
2025-05-09 19:40:51,925 - INFO - FTS 테이블 생성 완료
2025-05-09 19:41:00,600 - INFO - FTS 테이블 생성 완료
2025-05-09 19:41:00,738 - INFO - FTS 테이블 생성 완료
2025-05-09 19:41:08,906 - INFO - FTS 테이블 생성 완료
2025-05-09 19:41:09,036 - INFO - FTS 테이블 생성 완료
2025-05-09 19:41:26,269 - INFO - FTS 테이블 생성 완료
2025-05-09 19:41:27,043 - INFO - FTS 테이블 생성 완료
2025-05-09 19:41:27,161 - INFO - FTS 테이블 생성 완료
2025-05-09 19:41:51,324 - INFO - FTS 테이블 생성 완료
2025-05-09 19:41:51,443 - INFO - FTS 테이블 생성 완료
2025-05-09 19:42:09,678 - INFO - FTS 테이블 생성 완료
2025-05-09 19:42:09,813 - INFO - FTS 테이블 생성 완료
2025-05-09 19:42:19,332 - INFO - FTS 테이블 생성 완료
2025-05-09 19:42:19,481 - INFO - FTS 테이블 생성 완료
2025-05-09 19:42:42,263 - INFO - FTS 테이블 생성 완료
2025-05-09 19:42:42,961 - INFO - FTS 테이블 생성 완료
2025-05-09 19:42:43,077 - INFO - FTS 테이블 생성 완료
2025-05-09 19:43:46,686 - INFO - FTS 테이블 생성 완료
2025-05-09 19:43:47,067 - INFO - FTS 테이블 생성 완료
2025-05-09 19:44:33,306 - INFO - FTS 테이블 생성 완료
2025-05-09 19:44:47,444 - INFO - FTS 테이블 생성 완료
2025-05-09 19:44:48,255 - INFO - FTS 테이블 생성 완료
2025-05-09 19:44:48,371 - INFO - FTS 테이블 생성 완료
2025-05-09 19:45:54,067 - INFO - FTS 테이블 생성 완료
2025-05-09 19:46:50,642 - INFO - FTS 테이블 생성 완료
2025-05-09 19:46:51,050 - INFO - FTS 테이블 생성 완료
2025-05-09 19:46:51,119 - INFO - FTS 테이블 생성 완료
2025-05-09 19:47:26,146 - INFO - FTS 테이블 생성 완료
2025-05-09 19:47:26,225 - INFO - FTS 테이블 생성 완료
2025-05-09 19:50:46,132 - INFO - FTS 테이블 생성 완료
2025-05-09 19:50:46,425 - INFO - FTS 테이블 생성 완료
2025-05-09 19:51:38,965 - INFO - FTS 테이블 생성 완료
2025-05-09 19:51:39,938 - INFO - FTS 테이블 생성 완료
2025-05-09 19:51:54,214 - INFO - FTS 테이블 생성 완료
2025-05-09 19:51:55,045 - INFO - FTS 테이블 생성 완료
2025-05-09 19:52:08,715 - INFO - FTS 테이블 생성 완료
2025-05-09 19:52:31,704 - INFO - FTS 테이블 생성 완료
2025-05-09 19:52:32,304 - INFO - FTS 테이블 생성 완료
2025-05-09 19:52:32,400 - INFO - FTS 테이블 생성 완료
2025-05-09 19:53:53,281 - INFO - FTS 테이블 생성 완료
2025-05-09 19:53:53,386 - INFO - FTS 테이블 생성 완료
2025-05-09 19:56:47,910 - INFO - FTS 테이블 생성 완료
2025-05-09 19:56:48,116 - INFO - FTS 테이블 생성 완료
2025-05-09 19:57:12,445 - INFO - FTS 테이블 생성 완료
2025-05-09 19:57:13,932 - INFO - FTS 테이블 생성 완료
2025-05-09 19:57:14,102 - INFO - FTS 테이블 생성 완료
2025-05-09 20:00:35,484 - INFO - FTS 테이블 생성 완료
2025-05-09 20:02:50,504 - INFO - FTS 테이블 생성 완료
2025-05-09 20:02:51,205 - INFO - FTS 테이블 생성 완료
2025-05-09 20:03:39,411 - INFO - FTS 테이블 생성 완료
2025-05-09 20:03:39,675 - INFO - FTS 테이블 생성 완료
2025-05-09 20:04:11,355 - INFO - FTS 테이블 생성 완료
2025-05-09 20:04:11,759 - INFO - FTS 테이블 생성 완료
2025-05-09 20:04:31,777 - INFO - FTS 테이블 생성 완료
2025-05-09 20:04:32,303 - INFO - FTS 테이블 생성 완료
2025-05-09 20:07:37,428 - INFO - FTS 테이블 생성 완료
2025-05-09 20:07:38,154 - INFO - FTS 테이블 생성 완료
2025-05-09 20:07:38,256 - INFO - FTS 테이블 생성 완료
2025-05-09 20:19:56,615 - INFO - FTS 테이블 생성 완료
2025-05-09 20:19:57,046 - INFO - FTS 테이블 생성 완료
2025-05-09 20:19:57,245 - INFO - FTS 테이블 생성 완료
2025-05-09 20:25:45,346 - INFO - FTS 테이블 생성 완료
2025-05-09 20:25:45,639 - INFO - FTS 테이블 생성 완료
2025-05-09 20:26:13,965 - INFO - FTS 테이블 생성 완료
2025-05-09 20:26:16,029 - INFO - FTS 테이블 생성 완료
2025-05-09 20:26:16,345 - INFO - FTS 테이블 생성 완료
2025-05-09 20:26:59,219 - INFO - FTS 테이블 생성 완료
2025-05-09 20:26:59,564 - INFO - FTS 테이블 생성 완료
2025-05-09 20:33:10,948 - INFO - FTS 테이블 생성 완료
2025-05-09 20:33:11,905 - INFO - FTS 테이블 생성 완료
2025-05-09 20:35:08,732 - INFO - FTS 테이블 생성 완료
2025-05-09 20:35:08,920 - INFO - FTS 테이블 생성 완료
2025-05-09 20:35:22,990 - INFO - FTS 테이블 생성 완료
2025-05-09 20:35:23,213 - INFO - FTS 테이블 생성 완료
2025-05-09 20:35:37,600 - INFO - FTS 테이블 생성 완료
2025-05-09 20:35:38,070 - INFO - FTS 테이블 생성 완료
2025-05-09 20:35:40,149 - INFO - FTS 테이블 생성 완료
2025-05-09 20:35:40,342 - INFO - FTS 테이블 생성 완료
2025-05-09 20:35:50,252 - INFO - FTS 테이블 생성 완료
2025-05-09 20:35:50,472 - INFO - FTS 테이블 생성 완료
2025-05-09 20:35:55,777 - INFO - FTS 테이블 생성 완료
2025-05-09 20:35:56,022 - INFO - FTS 테이블 생성 완료
2025-05-09 20:36:29,603 - INFO - FTS 테이블 생성 완료
2025-05-09 20:42:16,788 - INFO - FTS 테이블 생성 완료
2025-05-09 20:42:16,932 - INFO - FTS 테이블 생성 완료
2025-05-09 20:44:31,360 - INFO - FTS 테이블 생성 완료
2025-05-09 20:44:32,164 - INFO - FTS 테이블 생성 완료
2025-05-09 20:51:18,248 - INFO - FTS 테이블 생성 완료
2025-05-09 20:51:18,713 - INFO - FTS 테이블 생성 완료
2025-05-09 20:53:44,179 - INFO - FTS 테이블 생성 완료
2025-05-09 20:53:44,289 - INFO - FTS 테이블 생성 완료
2025-05-09 20:58:29,929 - INFO - FTS 테이블 생성 완료
2025-05-09 20:58:30,046 - INFO - FTS 테이블 생성 완료
2025-05-09 21:02:55,913 - INFO - FTS 테이블 생성 완료
2025-05-09 21:02:56,051 - INFO - FTS 테이블 생성 완료
2025-05-09 21:08:44,241 - INFO - FTS 테이블 생성 완료
2025-05-09 21:08:44,341 - INFO - FTS 테이블 생성 완료
2025-05-09 21:09:16,928 - INFO - FTS 테이블 생성 완료
2025-05-09 21:09:17,075 - INFO - FTS 테이블 생성 완료
2025-05-09 21:49:18,821 - INFO - FTS 테이블 생성 완료
2025-05-09 21:49:19,284 - INFO - FTS 테이블 생성 완료
2025-05-09 21:49:19,365 - INFO - FTS 테이블 생성 완료
2025-05-09 21:52:05,271 - INFO - FTS 테이블 생성 완료
2025-05-09 21:52:58,509 - INFO - FTS 테이블 생성 완료
2025-05-09 21:54:23,733 - INFO - FTS 테이블 생성 완료
2025-05-09 21:54:24,130 - INFO - FTS 테이블 생성 완료
2025-05-09 21:54:24,209 - INFO - FTS 테이블 생성 완료
2025-05-09 21:56:52,197 - INFO - FTS 테이블 생성 완료
2025-05-09 21:56:52,287 - INFO - FTS 테이블 생성 완료
2025-05-09 21:57:22,454 - INFO - FTS 테이블 생성 완료
2025-05-09 21:57:22,980 - INFO - FTS 테이블 생성 완료
2025-05-09 21:57:23,053 - INFO - FTS 테이블 생성 완료
2025-05-09 21:58:21,960 - INFO - FTS 테이블 생성 완료
2025-05-09 21:58:22,093 - INFO - FTS 테이블 생성 완료
2025-05-09 21:58:49,474 - INFO - FTS 테이블 생성 완료
2025-05-09 21:58:49,612 - INFO - FTS 테이블 생성 완료
2025-05-09 22:09:13,117 - INFO - FTS 테이블 생성 완료
2025-05-09 22:09:13,218 - INFO - FTS 테이블 생성 완료
2025-05-09 22:13:03,190 - INFO - FTS 테이블 생성 완료
2025-05-09 22:13:03,317 - INFO - FTS 테이블 생성 완료
2025-05-09 22:20:30,636 - INFO - FTS 테이블 생성 완료
2025-05-09 22:20:30,980 - INFO - FTS 테이블 생성 완료
