2025-05-09 19:09:57,465 - database.subtitles.init - ERROR - /Volumes/p31/coding/indexer_quick/app/database/subtitles/init.py:88 - 자막 데이터베이스 초기화 중 오류 발생: no such column: start_ms
2025-05-09 19:09:57,465 - database.subtitles.init - ERROR - /Volumes/p31/coding/indexer_quick/app/database/subtitles/init.py:90 - Traceback (most recent call last):
  File "/Volumes/p31/coding/indexer_quick/app/database/subtitles/init.py", line 43, in init_subtitle_db
    cursor.execute('CREATE INDEX IF NOT EXISTS idx_subtitles_start_ms ON subtitles(start_ms)')
sqlite3.OperationalError: no such column: start_ms

2025-05-09 19:09:57,555 - database.subtitles.init - ERROR - /Volumes/p31/coding/indexer_quick/app/database/subtitles/init.py:88 - 자막 데이터베이스 초기화 중 오류 발생: no such column: start_ms
2025-05-09 19:09:57,555 - database.subtitles.init - ERROR - /Volumes/p31/coding/indexer_quick/app/database/subtitles/init.py:90 - Traceback (most recent call last):
  File "/Volumes/p31/coding/indexer_quick/app/database/subtitles/init.py", line 43, in init_subtitle_db
    cursor.execute('CREATE INDEX IF NOT EXISTS idx_subtitles_start_ms ON subtitles(start_ms)')
sqlite3.OperationalError: no such column: start_ms

2025-05-09 19:10:14,651 - database.subtitles.init - ERROR - /Volumes/p31/coding/indexer_quick/app/database/subtitles/init.py:88 - 자막 데이터베이스 초기화 중 오류 발생: no such column: start_ms
2025-05-09 19:10:14,652 - database.subtitles.init - ERROR - /Volumes/p31/coding/indexer_quick/app/database/subtitles/init.py:90 - Traceback (most recent call last):
  File "/Volumes/p31/coding/indexer_quick/app/database/subtitles/init.py", line 43, in init_subtitle_db
    cursor.execute('CREATE INDEX IF NOT EXISTS idx_subtitles_start_ms ON subtitles(start_ms)')
sqlite3.OperationalError: no such column: start_ms

2025-05-09 19:11:28,751 - database.subtitles.init - INFO - /Volumes/p31/coding/indexer_quick/app/database/subtitles/init.py:100 - FTS 테이블 생성 완료
2025-05-09 19:11:29,595 - database.subtitles.init - INFO - /Volumes/p31/coding/indexer_quick/app/database/subtitles/init.py:100 - FTS 테이블 생성 완료
2025-05-09 19:11:29,701 - database.subtitles.init - INFO - /Volumes/p31/coding/indexer_quick/app/database/subtitles/init.py:100 - FTS 테이블 생성 완료
2025-05-09 19:11:38,380 - database.subtitles.init - INFO - /Volumes/p31/coding/indexer_quick/app/database/subtitles/init.py:100 - FTS 테이블 생성 완료
2025-05-09 19:11:38,487 - database.subtitles.init - INFO - /Volumes/p31/coding/indexer_quick/app/database/subtitles/init.py:100 - FTS 테이블 생성 완료
2025-05-09 19:13:17,508 - database.subtitles.init - INFO - /Volumes/p31/coding/indexer_quick/app/database/subtitles/init.py:100 - FTS 테이블 생성 완료
2025-05-09 19:13:17,600 - database.subtitles.init - INFO - /Volumes/p31/coding/indexer_quick/app/database/subtitles/init.py:100 - FTS 테이블 생성 완료
2025-05-09 19:14:14,863 - database.subtitles.init - INFO - /Volumes/p31/coding/indexer_quick/app/database/subtitles/init.py:100 - FTS 테이블 생성 완료
2025-05-09 19:14:14,982 - database.subtitles.init - INFO - /Volumes/p31/coding/indexer_quick/app/database/subtitles/init.py:100 - FTS 테이블 생성 완료
2025-05-09 19:15:03,252 - database.subtitles.init - INFO - /Volumes/p31/coding/indexer_quick/app/database/subtitles/init.py:100 - FTS 테이블 생성 완료
2025-05-09 19:15:03,366 - database.subtitles.init - INFO - /Volumes/p31/coding/indexer_quick/app/database/subtitles/init.py:100 - FTS 테이블 생성 완료
2025-05-09 19:15:25,823 - database.subtitles.init - INFO - /Volumes/p31/coding/indexer_quick/app/database/subtitles/init.py:100 - FTS 테이블 생성 완료
2025-05-09 19:15:26,004 - database.subtitles.init - INFO - /Volumes/p31/coding/indexer_quick/app/database/subtitles/init.py:100 - FTS 테이블 생성 완료
2025-05-09 19:15:43,977 - database.subtitles.init - INFO - /Volumes/p31/coding/indexer_quick/app/database/subtitles/init.py:100 - FTS 테이블 생성 완료
2025-05-09 19:15:44,392 - database.subtitles.init - INFO - /Volumes/p31/coding/indexer_quick/app/database/subtitles/init.py:100 - FTS 테이블 생성 완료
2025-05-09 19:15:56,544 - database.subtitles.init - INFO - /Volumes/p31/coding/indexer_quick/app/database/subtitles/init.py:100 - FTS 테이블 생성 완료
2025-05-09 19:15:56,674 - database.subtitles.init - INFO - /Volumes/p31/coding/indexer_quick/app/database/subtitles/init.py:100 - FTS 테이블 생성 완료
2025-05-09 19:16:09,456 - database.subtitles.init - INFO - /Volumes/p31/coding/indexer_quick/app/database/subtitles/init.py:100 - FTS 테이블 생성 완료
2025-05-09 19:16:09,694 - database.subtitles.init - INFO - /Volumes/p31/coding/indexer_quick/app/database/subtitles/init.py:100 - FTS 테이블 생성 완료
2025-05-09 19:16:28,794 - database.subtitles.init - INFO - /Volumes/p31/coding/indexer_quick/app/database/subtitles/init.py:100 - FTS 테이블 생성 완료
2025-05-09 19:16:30,129 - database.subtitles.init - INFO - /Volumes/p31/coding/indexer_quick/app/database/subtitles/init.py:100 - FTS 테이블 생성 완료
2025-05-09 19:16:30,257 - database.subtitles.init - INFO - /Volumes/p31/coding/indexer_quick/app/database/subtitles/init.py:100 - FTS 테이블 생성 완료
2025-05-09 19:17:29,757 - database.subtitles.init - INFO - /Volumes/p31/coding/indexer_quick/app/database/subtitles/init.py:100 - FTS 테이블 생성 완료
2025-05-09 19:17:29,917 - database.subtitles.init - INFO - /Volumes/p31/coding/indexer_quick/app/database/subtitles/init.py:100 - FTS 테이블 생성 완료
2025-05-09 19:17:51,554 - database.subtitles.init - INFO - /Volumes/p31/coding/indexer_quick/app/database/subtitles/init.py:100 - FTS 테이블 생성 완료
2025-05-09 19:17:52,098 - database.subtitles.init - INFO - /Volumes/p31/coding/indexer_quick/app/database/subtitles/init.py:100 - FTS 테이블 생성 완료
2025-05-09 19:17:52,192 - database.subtitles.init - INFO - /Volumes/p31/coding/indexer_quick/app/database/subtitles/init.py:100 - FTS 테이블 생성 완료
2025-05-09 19:18:08,539 - database.subtitles.init - INFO - /Volumes/p31/coding/indexer_quick/app/database/subtitles/init.py:100 - FTS 테이블 생성 완료
2025-05-09 19:18:08,664 - database.subtitles.init - INFO - /Volumes/p31/coding/indexer_quick/app/database/subtitles/init.py:100 - FTS 테이블 생성 완료
2025-05-09 19:18:20,990 - database.subtitles.init - INFO - /Volumes/p31/coding/indexer_quick/app/database/subtitles/init.py:100 - FTS 테이블 생성 완료
2025-05-09 19:18:21,085 - database.subtitles.init - INFO - /Volumes/p31/coding/indexer_quick/app/database/subtitles/init.py:100 - FTS 테이블 생성 완료
2025-05-09 19:18:51,216 - database.subtitles.init - INFO - /Volumes/p31/coding/indexer_quick/app/database/subtitles/init.py:100 - FTS 테이블 생성 완료
2025-05-09 19:18:51,663 - database.subtitles.init - INFO - /Volumes/p31/coding/indexer_quick/app/database/subtitles/init.py:100 - FTS 테이블 생성 완료
2025-05-09 19:18:51,734 - database.subtitles.init - INFO - /Volumes/p31/coding/indexer_quick/app/database/subtitles/init.py:100 - FTS 테이블 생성 완료
2025-05-09 19:19:10,594 - database.subtitles.init - INFO - /Volumes/p31/coding/indexer_quick/app/database/subtitles/init.py:100 - FTS 테이블 생성 완료
2025-05-09 19:19:10,785 - database.subtitles.init - INFO - /Volumes/p31/coding/indexer_quick/app/database/subtitles/init.py:100 - FTS 테이블 생성 완료
2025-05-09 19:19:47,153 - database.subtitles.init - INFO - /Volumes/p31/coding/indexer_quick/app/database/subtitles/init.py:100 - FTS 테이블 생성 완료
2025-05-09 19:19:47,752 - database.subtitles.init - INFO - /Volumes/p31/coding/indexer_quick/app/database/subtitles/init.py:100 - FTS 테이블 생성 완료
2025-05-09 19:19:47,856 - database.subtitles.init - INFO - /Volumes/p31/coding/indexer_quick/app/database/subtitles/init.py:100 - FTS 테이블 생성 완료
2025-05-09 19:21:50,543 - database.subtitles.init - INFO - /Volumes/p31/coding/indexer_quick/app/database/subtitles/init.py:100 - FTS 테이블 생성 완료
2025-05-09 19:21:50,707 - database.subtitles.init - INFO - /Volumes/p31/coding/indexer_quick/app/database/subtitles/init.py:100 - FTS 테이블 생성 완료
2025-05-09 19:22:13,694 - database.subtitles.init - INFO - /Volumes/p31/coding/indexer_quick/app/database/subtitles/init.py:100 - FTS 테이블 생성 완료
2025-05-09 19:22:14,354 - database.subtitles.init - INFO - /Volumes/p31/coding/indexer_quick/app/database/subtitles/init.py:100 - FTS 테이블 생성 완료
2025-05-09 19:22:14,452 - database.subtitles.init - INFO - /Volumes/p31/coding/indexer_quick/app/database/subtitles/init.py:100 - FTS 테이블 생성 완료
2025-05-09 19:25:26,144 - database.subtitles.init - INFO - /Volumes/p31/coding/indexer_quick/app/database/subtitles/init.py:100 - FTS 테이블 생성 완료
2025-05-09 19:32:56,312 - database.subtitles.init - INFO - /Volumes/p31/coding/indexer_quick/app/database/subtitles/init.py:100 - FTS 테이블 생성 완료
2025-05-09 19:32:57,796 - database.subtitles.init - INFO - /Volumes/p31/coding/indexer_quick/app/database/subtitles/init.py:100 - FTS 테이블 생성 완료
2025-05-09 19:32:58,128 - database.subtitles.init - INFO - /Volumes/p31/coding/indexer_quick/app/database/subtitles/init.py:100 - FTS 테이블 생성 완료
2025-05-09 19:38:11,953 - database.subtitles.init - INFO - /Volumes/p31/coding/indexer_quick/app/database/subtitles/init.py:100 - FTS 테이블 생성 완료
2025-05-09 19:38:12,387 - database.subtitles.init - INFO - /Volumes/p31/coding/indexer_quick/app/database/subtitles/init.py:100 - FTS 테이블 생성 완료
2025-05-09 19:38:12,468 - database.subtitles.init - INFO - /Volumes/p31/coding/indexer_quick/app/database/subtitles/init.py:100 - FTS 테이블 생성 완료
2025-05-09 19:38:21,674 - database.subtitles.init - INFO - /Volumes/p31/coding/indexer_quick/app/database/subtitles/init.py:100 - FTS 테이블 생성 완료
2025-05-09 19:38:21,909 - database.subtitles.init - INFO - /Volumes/p31/coding/indexer_quick/app/database/subtitles/init.py:100 - FTS 테이블 생성 완료
2025-05-09 19:39:22,722 - database.subtitles.init - INFO - /Volumes/p31/coding/indexer_quick/app/database/subtitles/init.py:100 - FTS 테이블 생성 완료
2025-05-09 19:39:23,058 - database.subtitles.init - INFO - /Volumes/p31/coding/indexer_quick/app/database/subtitles/init.py:100 - FTS 테이블 생성 완료
2025-05-09 19:39:46,825 - database.subtitles.init - INFO - /Volumes/p31/coding/indexer_quick/app/database/subtitles/init.py:100 - FTS 테이블 생성 완료
2025-05-09 19:39:47,474 - database.subtitles.init - INFO - /Volumes/p31/coding/indexer_quick/app/database/subtitles/init.py:100 - FTS 테이블 생성 완료
2025-05-09 19:40:51,798 - database.subtitles.init - INFO - /Volumes/p31/coding/indexer_quick/app/database/subtitles/init.py:100 - FTS 테이블 생성 완료
2025-05-09 19:40:51,925 - database.subtitles.init - INFO - /Volumes/p31/coding/indexer_quick/app/database/subtitles/init.py:100 - FTS 테이블 생성 완료
2025-05-09 19:41:00,600 - database.subtitles.init - INFO - /Volumes/p31/coding/indexer_quick/app/database/subtitles/init.py:100 - FTS 테이블 생성 완료
2025-05-09 19:41:00,738 - database.subtitles.init - INFO - /Volumes/p31/coding/indexer_quick/app/database/subtitles/init.py:100 - FTS 테이블 생성 완료
2025-05-09 19:41:08,906 - database.subtitles.init - INFO - /Volumes/p31/coding/indexer_quick/app/database/subtitles/init.py:100 - FTS 테이블 생성 완료
2025-05-09 19:41:09,036 - database.subtitles.init - INFO - /Volumes/p31/coding/indexer_quick/app/database/subtitles/init.py:100 - FTS 테이블 생성 완료
2025-05-09 19:41:26,269 - database.subtitles.init - INFO - /Volumes/p31/coding/indexer_quick/app/database/subtitles/init.py:100 - FTS 테이블 생성 완료
2025-05-09 19:41:27,043 - database.subtitles.init - INFO - /Volumes/p31/coding/indexer_quick/app/database/subtitles/init.py:100 - FTS 테이블 생성 완료
2025-05-09 19:41:27,161 - database.subtitles.init - INFO - /Volumes/p31/coding/indexer_quick/app/database/subtitles/init.py:100 - FTS 테이블 생성 완료
2025-05-09 19:41:51,324 - database.subtitles.init - INFO - /Volumes/p31/coding/indexer_quick/app/database/subtitles/init.py:100 - FTS 테이블 생성 완료
2025-05-09 19:41:51,443 - database.subtitles.init - INFO - /Volumes/p31/coding/indexer_quick/app/database/subtitles/init.py:100 - FTS 테이블 생성 완료
2025-05-09 19:42:09,678 - database.subtitles.init - INFO - /Volumes/p31/coding/indexer_quick/app/database/subtitles/init.py:100 - FTS 테이블 생성 완료
2025-05-09 19:42:09,813 - database.subtitles.init - INFO - /Volumes/p31/coding/indexer_quick/app/database/subtitles/init.py:100 - FTS 테이블 생성 완료
2025-05-09 19:42:19,332 - database.subtitles.init - INFO - /Volumes/p31/coding/indexer_quick/app/database/subtitles/init.py:100 - FTS 테이블 생성 완료
2025-05-09 19:42:19,481 - database.subtitles.init - INFO - /Volumes/p31/coding/indexer_quick/app/database/subtitles/init.py:100 - FTS 테이블 생성 완료
2025-05-09 19:42:42,263 - database.subtitles.init - INFO - /Volumes/p31/coding/indexer_quick/app/database/subtitles/init.py:100 - FTS 테이블 생성 완료
2025-05-09 19:42:42,961 - database.subtitles.init - INFO - /Volumes/p31/coding/indexer_quick/app/database/subtitles/init.py:100 - FTS 테이블 생성 완료
2025-05-09 19:42:43,077 - database.subtitles.init - INFO - /Volumes/p31/coding/indexer_quick/app/database/subtitles/init.py:100 - FTS 테이블 생성 완료
2025-05-09 19:43:46,686 - database.subtitles.init - INFO - /Volumes/p31/coding/indexer_quick/app/database/subtitles/init.py:100 - FTS 테이블 생성 완료
2025-05-09 19:43:47,067 - database.subtitles.init - INFO - /Volumes/p31/coding/indexer_quick/app/database/subtitles/init.py:100 - FTS 테이블 생성 완료
2025-05-09 19:44:33,306 - database.subtitles.init - INFO - /Volumes/p31/coding/indexer_quick/app/database/subtitles/init.py:100 - FTS 테이블 생성 완료
2025-05-09 19:44:47,444 - database.subtitles.init - INFO - /Volumes/p31/coding/indexer_quick/app/database/subtitles/init.py:100 - FTS 테이블 생성 완료
2025-05-09 19:44:48,255 - database.subtitles.init - INFO - /Volumes/p31/coding/indexer_quick/app/database/subtitles/init.py:100 - FTS 테이블 생성 완료
2025-05-09 19:44:48,371 - database.subtitles.init - INFO - /Volumes/p31/coding/indexer_quick/app/database/subtitles/init.py:100 - FTS 테이블 생성 완료
2025-05-09 19:45:54,067 - database.subtitles.init - INFO - /Volumes/p31/coding/indexer_quick/app/database/subtitles/init.py:100 - FTS 테이블 생성 완료
2025-05-09 19:46:50,642 - database.subtitles.init - INFO - /Volumes/p31/coding/indexer_quick/app/database/subtitles/init.py:100 - FTS 테이블 생성 완료
2025-05-09 19:46:51,050 - database.subtitles.init - INFO - /Volumes/p31/coding/indexer_quick/app/database/subtitles/init.py:100 - FTS 테이블 생성 완료
2025-05-09 19:46:51,119 - database.subtitles.init - INFO - /Volumes/p31/coding/indexer_quick/app/database/subtitles/init.py:100 - FTS 테이블 생성 완료
2025-05-09 19:47:26,146 - database.subtitles.init - INFO - /Volumes/p31/coding/indexer_quick/app/database/subtitles/init.py:100 - FTS 테이블 생성 완료
2025-05-09 19:47:26,225 - database.subtitles.init - INFO - /Volumes/p31/coding/indexer_quick/app/database/subtitles/init.py:100 - FTS 테이블 생성 완료
2025-05-09 19:50:46,132 - database.subtitles.init - INFO - /Volumes/p31/coding/indexer_quick/app/database/subtitles/init.py:100 - FTS 테이블 생성 완료
2025-05-09 19:50:46,425 - database.subtitles.init - INFO - /Volumes/p31/coding/indexer_quick/app/database/subtitles/init.py:100 - FTS 테이블 생성 완료
2025-05-09 19:51:38,965 - database.subtitles.init - INFO - /Volumes/p31/coding/indexer_quick/app/database/subtitles/init.py:100 - FTS 테이블 생성 완료
2025-05-09 19:51:39,938 - database.subtitles.init - INFO - /Volumes/p31/coding/indexer_quick/app/database/subtitles/init.py:100 - FTS 테이블 생성 완료
2025-05-09 19:51:54,214 - database.subtitles.init - INFO - /Volumes/p31/coding/indexer_quick/app/database/subtitles/init.py:100 - FTS 테이블 생성 완료
2025-05-09 19:51:55,045 - database.subtitles.init - INFO - /Volumes/p31/coding/indexer_quick/app/database/subtitles/init.py:100 - FTS 테이블 생성 완료
2025-05-09 19:52:08,715 - database.subtitles.init - INFO - /Volumes/p31/coding/indexer_quick/app/database/subtitles/init.py:100 - FTS 테이블 생성 완료
2025-05-09 19:52:31,704 - database.subtitles.init - INFO - /Volumes/p31/coding/indexer_quick/app/database/subtitles/init.py:100 - FTS 테이블 생성 완료
2025-05-09 19:52:32,304 - database.subtitles.init - INFO - /Volumes/p31/coding/indexer_quick/app/database/subtitles/init.py:100 - FTS 테이블 생성 완료
2025-05-09 19:52:32,400 - database.subtitles.init - INFO - /Volumes/p31/coding/indexer_quick/app/database/subtitles/init.py:100 - FTS 테이블 생성 완료
2025-05-09 19:53:53,281 - database.subtitles.init - INFO - /Volumes/p31/coding/indexer_quick/app/database/subtitles/init.py:100 - FTS 테이블 생성 완료
2025-05-09 19:53:53,386 - database.subtitles.init - INFO - /Volumes/p31/coding/indexer_quick/app/database/subtitles/init.py:100 - FTS 테이블 생성 완료
2025-05-09 19:56:47,910 - database.subtitles.init - INFO - /Volumes/p31/coding/indexer_quick/app/database/subtitles/init.py:100 - FTS 테이블 생성 완료
2025-05-09 19:56:48,116 - database.subtitles.init - INFO - /Volumes/p31/coding/indexer_quick/app/database/subtitles/init.py:100 - FTS 테이블 생성 완료
2025-05-09 19:57:12,445 - database.subtitles.init - INFO - /Volumes/p31/coding/indexer_quick/app/database/subtitles/init.py:100 - FTS 테이블 생성 완료
2025-05-09 19:57:13,932 - database.subtitles.init - INFO - /Volumes/p31/coding/indexer_quick/app/database/subtitles/init.py:100 - FTS 테이블 생성 완료
2025-05-09 19:57:14,102 - database.subtitles.init - INFO - /Volumes/p31/coding/indexer_quick/app/database/subtitles/init.py:100 - FTS 테이블 생성 완료
2025-05-09 20:00:35,484 - database.subtitles.init - INFO - /Volumes/p31/coding/indexer_quick/app/database/subtitles/init.py:100 - FTS 테이블 생성 완료
2025-05-09 20:02:50,504 - database.subtitles.init - INFO - /Volumes/p31/coding/indexer_quick/app/database/subtitles/init.py:100 - FTS 테이블 생성 완료
2025-05-09 20:02:51,205 - database.subtitles.init - INFO - /Volumes/p31/coding/indexer_quick/app/database/subtitles/init.py:100 - FTS 테이블 생성 완료
2025-05-09 20:03:39,411 - database.subtitles.init - INFO - /Volumes/p31/coding/indexer_quick/app/database/subtitles/init.py:100 - FTS 테이블 생성 완료
2025-05-09 20:03:39,675 - database.subtitles.init - INFO - /Volumes/p31/coding/indexer_quick/app/database/subtitles/init.py:100 - FTS 테이블 생성 완료
2025-05-09 20:04:11,355 - database.subtitles.init - INFO - /Volumes/p31/coding/indexer_quick/app/database/subtitles/init.py:100 - FTS 테이블 생성 완료
2025-05-09 20:04:11,759 - database.subtitles.init - INFO - /Volumes/p31/coding/indexer_quick/app/database/subtitles/init.py:100 - FTS 테이블 생성 완료
2025-05-09 20:04:31,777 - database.subtitles.init - INFO - /Volumes/p31/coding/indexer_quick/app/database/subtitles/init.py:100 - FTS 테이블 생성 완료
2025-05-09 20:04:32,303 - database.subtitles.init - INFO - /Volumes/p31/coding/indexer_quick/app/database/subtitles/init.py:100 - FTS 테이블 생성 완료
2025-05-09 20:07:37,428 - database.subtitles.init - INFO - /Volumes/p31/coding/indexer_quick/app/database/subtitles/init.py:100 - FTS 테이블 생성 완료
2025-05-09 20:07:38,154 - database.subtitles.init - INFO - /Volumes/p31/coding/indexer_quick/app/database/subtitles/init.py:100 - FTS 테이블 생성 완료
2025-05-09 20:07:38,256 - database.subtitles.init - INFO - /Volumes/p31/coding/indexer_quick/app/database/subtitles/init.py:100 - FTS 테이블 생성 완료
2025-05-09 20:19:56,615 - database.subtitles.init - INFO - /Volumes/p31/coding/indexer_quick/app/database/subtitles/init.py:100 - FTS 테이블 생성 완료
2025-05-09 20:19:57,046 - database.subtitles.init - INFO - /Volumes/p31/coding/indexer_quick/app/database/subtitles/init.py:100 - FTS 테이블 생성 완료
2025-05-09 20:19:57,245 - database.subtitles.init - INFO - /Volumes/p31/coding/indexer_quick/app/database/subtitles/init.py:100 - FTS 테이블 생성 완료
2025-05-09 20:25:45,346 - database.subtitles.init - INFO - /Volumes/p31/coding/indexer_quick/app/database/subtitles/init.py:100 - FTS 테이블 생성 완료
2025-05-09 20:25:45,639 - database.subtitles.init - INFO - /Volumes/p31/coding/indexer_quick/app/database/subtitles/init.py:100 - FTS 테이블 생성 완료
2025-05-09 20:26:13,965 - database.subtitles.init - INFO - /Volumes/p31/coding/indexer_quick/app/database/subtitles/init.py:100 - FTS 테이블 생성 완료
2025-05-09 20:26:16,029 - database.subtitles.init - INFO - /Volumes/p31/coding/indexer_quick/app/database/subtitles/init.py:100 - FTS 테이블 생성 완료
2025-05-09 20:26:16,345 - database.subtitles.init - INFO - /Volumes/p31/coding/indexer_quick/app/database/subtitles/init.py:100 - FTS 테이블 생성 완료
2025-05-09 20:26:59,219 - database.subtitles.init - INFO - /Volumes/p31/coding/indexer_quick/app/database/subtitles/init.py:100 - FTS 테이블 생성 완료
2025-05-09 20:26:59,564 - database.subtitles.init - INFO - /Volumes/p31/coding/indexer_quick/app/database/subtitles/init.py:100 - FTS 테이블 생성 완료
2025-05-09 20:33:10,948 - database.subtitles.init - INFO - /Volumes/p31/coding/indexer_quick/app/database/subtitles/init.py:100 - FTS 테이블 생성 완료
2025-05-09 20:33:11,905 - database.subtitles.init - INFO - /Volumes/p31/coding/indexer_quick/app/database/subtitles/init.py:100 - FTS 테이블 생성 완료
2025-05-09 20:35:08,732 - database.subtitles.init - INFO - /Volumes/p31/coding/indexer_quick/app/database/subtitles/init.py:100 - FTS 테이블 생성 완료
2025-05-09 20:35:08,920 - database.subtitles.init - INFO - /Volumes/p31/coding/indexer_quick/app/database/subtitles/init.py:100 - FTS 테이블 생성 완료
2025-05-09 20:35:22,990 - database.subtitles.init - INFO - /Volumes/p31/coding/indexer_quick/app/database/subtitles/init.py:100 - FTS 테이블 생성 완료
2025-05-09 20:35:23,213 - database.subtitles.init - INFO - /Volumes/p31/coding/indexer_quick/app/database/subtitles/init.py:100 - FTS 테이블 생성 완료
2025-05-09 20:35:37,600 - database.subtitles.init - INFO - /Volumes/p31/coding/indexer_quick/app/database/subtitles/init.py:100 - FTS 테이블 생성 완료
2025-05-09 20:35:38,070 - database.subtitles.init - INFO - /Volumes/p31/coding/indexer_quick/app/database/subtitles/init.py:100 - FTS 테이블 생성 완료
2025-05-09 20:35:40,149 - database.subtitles.init - INFO - /Volumes/p31/coding/indexer_quick/app/database/subtitles/init.py:100 - FTS 테이블 생성 완료
2025-05-09 20:35:40,342 - database.subtitles.init - INFO - /Volumes/p31/coding/indexer_quick/app/database/subtitles/init.py:100 - FTS 테이블 생성 완료
2025-05-09 20:35:50,252 - database.subtitles.init - INFO - /Volumes/p31/coding/indexer_quick/app/database/subtitles/init.py:100 - FTS 테이블 생성 완료
2025-05-09 20:35:50,472 - database.subtitles.init - INFO - /Volumes/p31/coding/indexer_quick/app/database/subtitles/init.py:100 - FTS 테이블 생성 완료
2025-05-09 20:35:55,777 - database.subtitles.init - INFO - /Volumes/p31/coding/indexer_quick/app/database/subtitles/init.py:100 - FTS 테이블 생성 완료
2025-05-09 20:35:56,022 - database.subtitles.init - INFO - /Volumes/p31/coding/indexer_quick/app/database/subtitles/init.py:100 - FTS 테이블 생성 완료
2025-05-09 20:36:29,603 - database.subtitles.init - INFO - /Volumes/p31/coding/indexer_quick/app/database/subtitles/init.py:100 - FTS 테이블 생성 완료
2025-05-09 20:42:16,788 - database.subtitles.init - INFO - /Volumes/p31/coding/indexer_quick/app/database/subtitles/init.py:100 - FTS 테이블 생성 완료
2025-05-09 20:42:16,932 - database.subtitles.init - INFO - /Volumes/p31/coding/indexer_quick/app/database/subtitles/init.py:100 - FTS 테이블 생성 완료
2025-05-09 20:44:31,360 - database.subtitles.init - INFO - /Volumes/p31/coding/indexer_quick/app/database/subtitles/init.py:100 - FTS 테이블 생성 완료
2025-05-09 20:44:32,164 - database.subtitles.init - INFO - /Volumes/p31/coding/indexer_quick/app/database/subtitles/init.py:100 - FTS 테이블 생성 완료
2025-05-09 20:51:18,248 - database.subtitles.init - INFO - /Volumes/p31/coding/indexer_quick/app/database/subtitles/init.py:100 - FTS 테이블 생성 완료
2025-05-09 20:51:18,713 - database.subtitles.init - INFO - /Volumes/p31/coding/indexer_quick/app/database/subtitles/init.py:100 - FTS 테이블 생성 완료
2025-05-09 20:53:44,179 - database.subtitles.init - INFO - /Volumes/p31/coding/indexer_quick/app/database/subtitles/init.py:100 - FTS 테이블 생성 완료
2025-05-09 20:53:44,289 - database.subtitles.init - INFO - /Volumes/p31/coding/indexer_quick/app/database/subtitles/init.py:100 - FTS 테이블 생성 완료
2025-05-09 20:58:29,929 - database.subtitles.init - INFO - /Volumes/p31/coding/indexer_quick/app/database/subtitles/init.py:100 - FTS 테이블 생성 완료
2025-05-09 20:58:30,046 - database.subtitles.init - INFO - /Volumes/p31/coding/indexer_quick/app/database/subtitles/init.py:100 - FTS 테이블 생성 완료
2025-05-09 21:02:55,913 - database.subtitles.init - INFO - /Volumes/p31/coding/indexer_quick/app/database/subtitles/init.py:100 - FTS 테이블 생성 완료
2025-05-09 21:02:56,051 - database.subtitles.init - INFO - /Volumes/p31/coding/indexer_quick/app/database/subtitles/init.py:100 - FTS 테이블 생성 완료
2025-05-09 21:08:44,241 - database.subtitles.init - INFO - /Volumes/p31/coding/indexer_quick/app/database/subtitles/init.py:100 - FTS 테이블 생성 완료
2025-05-09 21:08:44,341 - database.subtitles.init - INFO - /Volumes/p31/coding/indexer_quick/app/database/subtitles/init.py:100 - FTS 테이블 생성 완료
2025-05-09 21:09:16,928 - database.subtitles.init - INFO - /Volumes/p31/coding/indexer_quick/app/database/subtitles/init.py:100 - FTS 테이블 생성 완료
2025-05-09 21:09:17,075 - database.subtitles.init - INFO - /Volumes/p31/coding/indexer_quick/app/database/subtitles/init.py:100 - FTS 테이블 생성 완료
2025-05-09 21:49:18,821 - database.subtitles.init - INFO - /Volumes/p31/coding/indexer_quick/app/database/subtitles/init.py:100 - FTS 테이블 생성 완료
2025-05-09 21:49:19,284 - database.subtitles.init - INFO - /Volumes/p31/coding/indexer_quick/app/database/subtitles/init.py:100 - FTS 테이블 생성 완료
2025-05-09 21:49:19,365 - database.subtitles.init - INFO - /Volumes/p31/coding/indexer_quick/app/database/subtitles/init.py:100 - FTS 테이블 생성 완료
2025-05-09 21:52:05,271 - database.subtitles.init - INFO - /Volumes/p31/coding/indexer_quick/app/database/subtitles/init.py:100 - FTS 테이블 생성 완료
2025-05-09 21:52:58,509 - database.subtitles.init - INFO - /Volumes/p31/coding/indexer_quick/app/database/subtitles/init.py:100 - FTS 테이블 생성 완료
2025-05-09 21:54:23,733 - database.subtitles.init - INFO - /Volumes/p31/coding/indexer_quick/app/database/subtitles/init.py:100 - FTS 테이블 생성 완료
2025-05-09 21:54:24,130 - database.subtitles.init - INFO - /Volumes/p31/coding/indexer_quick/app/database/subtitles/init.py:100 - FTS 테이블 생성 완료
2025-05-09 21:54:24,209 - database.subtitles.init - INFO - /Volumes/p31/coding/indexer_quick/app/database/subtitles/init.py:100 - FTS 테이블 생성 완료
2025-05-09 21:56:52,197 - database.subtitles.init - INFO - /Volumes/p31/coding/indexer_quick/app/database/subtitles/init.py:100 - FTS 테이블 생성 완료
2025-05-09 21:56:52,287 - database.subtitles.init - INFO - /Volumes/p31/coding/indexer_quick/app/database/subtitles/init.py:100 - FTS 테이블 생성 완료
2025-05-09 21:57:22,454 - database.subtitles.init - INFO - /Volumes/p31/coding/indexer_quick/app/database/subtitles/init.py:100 - FTS 테이블 생성 완료
2025-05-09 21:57:22,980 - database.subtitles.init - INFO - /Volumes/p31/coding/indexer_quick/app/database/subtitles/init.py:100 - FTS 테이블 생성 완료
2025-05-09 21:57:23,053 - database.subtitles.init - INFO - /Volumes/p31/coding/indexer_quick/app/database/subtitles/init.py:100 - FTS 테이블 생성 완료
2025-05-09 21:58:21,960 - database.subtitles.init - INFO - /Volumes/p31/coding/indexer_quick/app/database/subtitles/init.py:100 - FTS 테이블 생성 완료
2025-05-09 21:58:22,093 - database.subtitles.init - INFO - /Volumes/p31/coding/indexer_quick/app/database/subtitles/init.py:100 - FTS 테이블 생성 완료
2025-05-09 21:58:49,474 - database.subtitles.init - INFO - /Volumes/p31/coding/indexer_quick/app/database/subtitles/init.py:100 - FTS 테이블 생성 완료
2025-05-09 21:58:49,612 - database.subtitles.init - INFO - /Volumes/p31/coding/indexer_quick/app/database/subtitles/init.py:100 - FTS 테이블 생성 완료
2025-05-09 22:09:13,117 - database.subtitles.init - INFO - /Volumes/p31/coding/indexer_quick/app/database/subtitles/init.py:100 - FTS 테이블 생성 완료
2025-05-09 22:09:13,218 - database.subtitles.init - INFO - /Volumes/p31/coding/indexer_quick/app/database/subtitles/init.py:100 - FTS 테이블 생성 완료
2025-05-09 22:13:03,190 - database.subtitles.init - INFO - /Volumes/p31/coding/indexer_quick/app/database/subtitles/init.py:100 - FTS 테이블 생성 완료
2025-05-09 22:13:03,317 - database.subtitles.init - INFO - /Volumes/p31/coding/indexer_quick/app/database/subtitles/init.py:100 - FTS 테이블 생성 완료
2025-05-09 22:20:30,636 - database.subtitles.init - INFO - /Volumes/p31/coding/indexer_quick/app/database/subtitles/init.py:100 - FTS 테이블 생성 완료
2025-05-09 22:20:30,980 - database.subtitles.init - INFO - /Volumes/p31/coding/indexer_quick/app/database/subtitles/init.py:100 - FTS 테이블 생성 완료
